<?xml version="1.0" encoding="UTF-8"?>
<testsuite name="TestSuite" time="16.768" tests="5" errors="0" skipped="3" failures="1">
  <properties>
    <property name="java.runtime.name" value="Java(TM) SE Runtime Environment"/>
    <property name="java.vm.version" value="22.0.1+8-16"/>
    <property name="sun.boot.library.path" value="C:\Program Files\Java\jdk-22\bin"/>
    <property name="maven.multiModuleProjectDirectory" value="D:\Git Fw"/>
    <property name="java.vm.vendor" value="Oracle Corporation"/>
    <property name="java.vendor.url" value="https://java.oracle.com/"/>
    <property name="guice.disable.misplaced.annotation.check" value="true"/>
    <property name="path.separator" value=";"/>
    <property name="java.vm.name" value="Java HotSpot(TM) 64-Bit Server VM"/>
    <property name="sun.os.patch.level" value=""/>
    <property name="user.script" value=""/>
    <property name="user.country" value="IN"/>
    <property name="sun.java.launcher" value="SUN_STANDARD"/>
    <property name="java.vm.specification.name" value="Java Virtual Machine Specification"/>
    <property name="user.dir" value="D:\Git Fw"/>
    <property name="java.vm.compressedOopsMode" value="32-bit"/>
    <property name="java.runtime.version" value="22.0.1+8-16"/>
    <property name="os.arch" value="amd64"/>
    <property name="java.io.tmpdir" value="C:\Users\AJAY\AppData\Local\Temp\"/>
    <property name="line.separator" value="&#10;"/>
    <property name="java.vm.specification.vendor" value="Oracle Corporation"/>
    <property name="user.variant" value=""/>
    <property name="stderr.encoding" value="cp437"/>
    <property name="os.name" value="Windows 11"/>
    <property name="classworlds.conf" value="C:\Program Files\apache-maven-3.9.2\bin\m2.conf"/>
    <property name="sun.jnu.encoding" value="Cp1252"/>
    <property name="stdout.encoding" value="cp437"/>
    <property name="java.library.path" value="C:\Program Files\Java\jdk-22\bin;C:\WINDOWS\Sun\Java\bin;C:\WINDOWS\system32;C:\WINDOWS;C:\Program Files\Common Files\Oracle\Java\javapath;C:\Program Files (x86)\Common Files\Oracle\Java\javapath;C:\Windows\system32;C:\Windows;C:\Windows\System32\Wbem;C:\Windows\System32\WindowsPowerShell\v1.0\;C:\Windows\System32\OpenSSH\;C:\Program Files (x86)\NVIDIA Corporation\PhysX\Common;C:\Program Files\NVIDIA Corporation\NVIDIA NvDLISR;C:\Program Files (x86)\Java\jre-1.8\bin;C:\WINDOWS\system32;C:\WINDOWS;C:\WINDOWS\System32\Wbem;C:\WINDOWS\System32\WindowsPowerShell\v1.0\;C:\WINDOWS\System32\OpenSSH\;C:\Program Files\Java\jdk-20\bin;C:\Program Files\Java;C:\Program Files\apache-maven-3.9.2\bin;D:\Ajay\Allure\allure-2.17.3\bin;C:\Program Files\Git\cmd;C:\Program Files\dotnet\;C:\Users\AJAY\AppData\Local\Programs\Python\Launcher\;C:\Users\AJAY\AppData\Local\Programs\Python\Python311\Scripts\;C:\Users\AJAY\AppData\Local\Programs\Python\Python311\;C:\Users\AJAY\AppData\Local\Microsoft\WindowsApps;C:\Program Files\JetBrains\PyCharm Community Edition 2023.1.2\bin;;C:\Program Files\JetBrains\IntelliJ IDEA Community Edition 2023.1.2\bin;;C:\Users\AJAY\AppData\Local\Programs\Microsoft VS Code\bin;C:\Users\AJAY\AppData\Local\GitHubDesktop\bin;D:\Ajay\Allure\allure-2.17.3\bin;;."/>
    <property name="maven.conf" value="C:\Program Files\apache-maven-3.9.2/conf"/>
    <property name="jdk.debug" value="release"/>
    <property name="java.class.version" value="66.0"/>
    <property name="java.specification.name" value="Java Platform API Specification"/>
    <property name="sun.management.compiler" value="HotSpot 64-Bit Tiered Compilers"/>
    <property name="os.version" value="10.0"/>
    <property name="library.jansi.path" value="C:\Program Files\apache-maven-3.9.2\lib\jansi-native"/>
    <property name="user.home" value="C:\Users\AJAY"/>
    <property name="user.timezone" value="Asia/Calcutta"/>
    <property name="file.encoding" value="UTF-8"/>
    <property name="java.specification.version" value="22"/>
    <property name="user.name" value="AJAY"/>
    <property name="java.class.path" value="C:\Program Files\apache-maven-3.9.2\boot\plexus-classworlds-2.7.0.jar"/>
    <property name="java.vm.specification.version" value="22"/>
    <property name="sun.arch.data.model" value="64"/>
    <property name="sun.java.command" value="org.codehaus.plexus.classworlds.launcher.Launcher test"/>
    <property name="java.home" value="C:\Program Files\Java\jdk-22"/>
    <property name="user.language" value="en"/>
    <property name="java.specification.vendor" value="Oracle Corporation"/>
    <property name="java.vm.info" value="mixed mode, sharing"/>
    <property name="java.version" value="22.0.1"/>
    <property name="native.encoding" value="Cp1252"/>
    <property name="java.vendor" value="Oracle Corporation"/>
    <property name="maven.home" value="C:\Program Files\apache-maven-3.9.2"/>
    <property name="file.separator" value="\"/>
    <property name="java.version.date" value="2024-04-16"/>
    <property name="java.vendor.url.bug" value="https://bugreport.java.com/bugreport/"/>
    <property name="sun.io.unicode.encoding" value="UnicodeLittle"/>
    <property name="sun.cpu.endian" value="little"/>
    <property name="sun.cpu.isalist" value="amd64"/>
  </properties>
  <testcase name="TSL_GoogleTest" classname="org.automation.googleHome.TSL_Google" time="7.22"/>
  <testcase name="checkSuiteToRun" classname="org.automation.swagLabs.TC_001" time="0">
    <skipped/>
    <system-out>*** Test Suite TC_001 ending ***
DEBUG   17338   [freemark] (): Couldn't find template in cache for "index.ftl"("en", UTF-8, parsed); will try to load it.
DEBUG   17338   [freemark] (): TemplateLoader.findTemplateSource("index_en.ftl"): Not found
DEBUG   17338   [freemark] (): TemplateLoader.findTemplateSource("index.ftl"): Found
DEBUG   17338   [freemark] (): Loading template for "index.ftl"("en", UTF-8, parsed) from "jar:file:/C:/Users/AJAY/.m2/repository/com/aventstack/extentreports/3.1.5/extentreports-3.1.5.jar!/com/aventstack/extentreports/view/html-report/index.ftl"
DEBUG   17338   [freemark] (): Couldn't find template in cache for "head.ftl"("en", UTF-8, parsed); will try to load it.
DEBUG   17338   [freemark] (): TemplateLoader.findTemplateSource("head_en.ftl"): Not found
DEBUG   17338   [freemark] (): TemplateLoader.findTemplateSource("head.ftl"): Found
DEBUG   17338   [freemark] (): Loading template for "head.ftl"("en", UTF-8, parsed) from "jar:file:/C:/Users/AJAY/.m2/repository/com/aventstack/extentreports/3.1.5/extentreports-3.1.5.jar!/com/aventstack/extentreports/view/html-report/head.ftl"
DEBUG   17338   [freemark] (): Couldn't find template in cache for "nav.ftl"("en", UTF-8, parsed); will try to load it.
DEBUG   17338   [freemark] (): TemplateLoader.findTemplateSource("nav_en.ftl"): Not found
DEBUG   17338   [freemark] (): TemplateLoader.findTemplateSource("nav.ftl"): Found
DEBUG   17338   [freemark] (): Loading template for "nav.ftl"("en", UTF-8, parsed) from "jar:file:/C:/Users/AJAY/.m2/repository/com/aventstack/extentreports/3.1.5/extentreports-3.1.5.jar!/com/aventstack/extentreports/view/html-report/nav.ftl"
DEBUG   17338   [freemark] (): Couldn't find template in cache for "test-view/test-view.ftl"("en", UTF-8, parsed); will try to load it.
DEBUG   17338   [freemark] (): TemplateLoader.findTemplateSource("test-view/test-view_en.ftl"): Not found
DEBUG   17338   [freemark] (): TemplateLoader.findTemplateSource("test-view/test-view.ftl"): Found
DEBUG   17338   [freemark] (): Loading template for "test-view/test-view.ftl"("en", UTF-8, parsed) from "jar:file:/C:/Users/AJAY/.m2/repository/com/aventstack/extentreports/3.1.5/extentreports-3.1.5.jar!/com/aventstack/extentreports/view/html-report/test-view/test-view.ftl"
DEBUG   17338   [freemark] (): Couldn't find template in cache for "test-view/standard.ftl"("en", UTF-8, parsed); will try to load it.
DEBUG   17338   [freemark] (): TemplateLoader.findTemplateSource("test-view/standard_en.ftl"): Not found
DEBUG   17338   [freemark] (): TemplateLoader.findTemplateSource("test-view/standard.ftl"): Found
DEBUG   17338   [freemark] (): Loading template for "test-view/standard.ftl"("en", UTF-8, parsed) from "jar:file:/C:/Users/AJAY/.m2/repository/com/aventstack/extentreports/3.1.5/extentreports-3.1.5.jar!/com/aventstack/extentreports/view/html-report/test-view/standard.ftl"
DEBUG   17338   [freemark] (): Couldn't find template in cache for "test-view/test-view-charts.ftl"("en", UTF-8, parsed); will try to load it.
DEBUG   17338   [freemark] (): TemplateLoader.findTemplateSource("test-view/test-view-charts_en.ftl"): Not found
DEBUG   17338   [freemark] (): TemplateLoader.findTemplateSource("test-view/test-view-charts.ftl"): Found
DEBUG   17338   [freemark] (): Loading template for "test-view/test-view-charts.ftl"("en", UTF-8, parsed) from "jar:file:/C:/Users/AJAY/.m2/repository/com/aventstack/extentreports/3.1.5/extentreports-3.1.5.jar!/com/aventstack/extentreports/view/html-report/test-view/test-view-charts.ftl"
DEBUG   17338   [freemark] (): Couldn't find template in cache for "category-view/category-view.ftl"("en", UTF-8, parsed); will try to load it.
DEBUG   17338   [freemark] (): TemplateLoader.findTemplateSource("category-view/category-view_en.ftl"): Not found
DEBUG   17338   [freemark] (): TemplateLoader.findTemplateSource("category-view/category-view.ftl"): Found
DEBUG   17338   [freemark] (): Loading template for "category-view/category-view.ftl"("en", UTF-8, parsed) from "jar:file:/C:/Users/AJAY/.m2/repository/com/aventstack/extentreports/3.1.5/extentreports-3.1.5.jar!/com/aventstack/extentreports/view/html-report/category-view/category-view.ftl"
DEBUG   17338   [freemark] (): Couldn't find template in cache for "author-view/author-view.ftl"("en", UTF-8, parsed); will try to load it.
DEBUG   17338   [freemark] (): TemplateLoader.findTemplateSource("author-view/author-view_en.ftl"): Not found
DEBUG   17338   [freemark] (): TemplateLoader.findTemplateSource("author-view/author-view.ftl"): Found
DEBUG   17338   [freemark] (): Loading template for "author-view/author-view.ftl"("en", UTF-8, parsed) from "jar:file:/C:/Users/AJAY/.m2/repository/com/aventstack/extentreports/3.1.5/extentreports-3.1.5.jar!/com/aventstack/extentreports/view/html-report/author-view/author-view.ftl"
DEBUG   17338   [freemark] (): Couldn't find template in cache for "exception-view/exception-view.ftl"("en", UTF-8, parsed); will try to load it.
DEBUG   17338   [freemark] (): TemplateLoader.findTemplateSource("exception-view/exception-view_en.ftl"): Not found
DEBUG   17338   [freemark] (): TemplateLoader.findTemplateSource("exception-view/exception-view.ftl"): Found
DEBUG   17338   [freemark] (): Loading template for "exception-view/exception-view.ftl"("en", UTF-8, parsed) from "jar:file:/C:/Users/AJAY/.m2/repository/com/aventstack/extentreports/3.1.5/extentreports-3.1.5.jar!/com/aventstack/extentreports/view/html-report/exception-view/exception-view.ftl"
DEBUG   17338   [freemark] (): Couldn't find template in cache for "dashboard-view/dashboard-view.ftl"("en", UTF-8, parsed); will try to load it.
DEBUG   17338   [freemark] (): TemplateLoader.findTemplateSource("dashboard-view/dashboard-view_en.ftl"): Not found
DEBUG   17338   [freemark] (): TemplateLoader.findTemplateSource("dashboard-view/dashboard-view.ftl"): Found
DEBUG   17338   [freemark] (): Loading template for "dashboard-view/dashboard-view.ftl"("en", UTF-8, parsed) from "jar:file:/C:/Users/AJAY/.m2/repository/com/aventstack/extentreports/3.1.5/extentreports-3.1.5.jar!/com/aventstack/extentreports/view/html-report/dashboard-view/dashboard-view.ftl"
DEBUG   17338   [freemark] (): Couldn't find template in cache for "logs-view/testrunner-logs-view.ftl"("en", UTF-8, parsed); will try to load it.
DEBUG   17338   [freemark] (): TemplateLoader.findTemplateSource("logs-view/testrunner-logs-view_en.ftl"): Not found
DEBUG   17338   [freemark] (): TemplateLoader.findTemplateSource("logs-view/testrunner-logs-view.ftl"): Found
DEBUG   17338   [freemark] (): Loading template for "logs-view/testrunner-logs-view.ftl"("en", UTF-8, parsed) from "jar:file:/C:/Users/AJAY/.m2/repository/com/aventstack/extentreports/3.1.5/extentreports-3.1.5.jar!/com/aventstack/extentreports/view/html-report/logs-view/testrunner-logs-view.ftl"
DEBUG   17338   [freemark] (): Couldn't find template in cache for "index.ftl"("en", UTF-8, parsed); will try to load it.
DEBUG   17338   [freemark] (): TemplateLoader.findTemplateSource("index_en.ftl"): Not found
DEBUG   17338   [freemark] (): TemplateLoader.findTemplateSource("index.ftl"): Found
DEBUG   17338   [freemark] (): Loading template for "index.ftl"("en", UTF-8, parsed) from "jar:file:/C:/Users/AJAY/.m2/repository/com/aventstack/extentreports/3.1.5/extentreports-3.1.5.jar!/com/aventstack/extentreports/view/html-report/index.ftl"
DEBUG   17338   [freemark] (): Couldn't find template in cache for "head.ftl"("en", UTF-8, parsed); will try to load it.
DEBUG   17338   [freemark] (): TemplateLoader.findTemplateSource("head_en.ftl"): Not found
DEBUG   17338   [freemark] (): TemplateLoader.findTemplateSource("head.ftl"): Found
DEBUG   17338   [freemark] (): Loading template for "head.ftl"("en", UTF-8, parsed) from "jar:file:/C:/Users/AJAY/.m2/repository/com/aventstack/extentreports/3.1.5/extentreports-3.1.5.jar!/com/aventstack/extentreports/view/html-report/head.ftl"
DEBUG   17338   [freemark] (): Couldn't find template in cache for "nav.ftl"("en", UTF-8, parsed); will try to load it.
DEBUG   17338   [freemark] (): TemplateLoader.findTemplateSource("nav_en.ftl"): Not found
DEBUG   17338   [freemark] (): TemplateLoader.findTemplateSource("nav.ftl"): Found
DEBUG   17338   [freemark] (): Loading template for "nav.ftl"("en", UTF-8, parsed) from "jar:file:/C:/Users/AJAY/.m2/repository/com/aventstack/extentreports/3.1.5/extentreports-3.1.5.jar!/com/aventstack/extentreports/view/html-report/nav.ftl"
DEBUG   17338   [freemark] (): Couldn't find template in cache for "test-view/test-view.ftl"("en", UTF-8, parsed); will try to load it.
DEBUG   17338   [freemark] (): TemplateLoader.findTemplateSource("test-view/test-view_en.ftl"): Not found
DEBUG   17338   [freemark] (): TemplateLoader.findTemplateSource("test-view/test-view.ftl"): Found
DEBUG   17338   [freemark] (): Loading template for "test-view/test-view.ftl"("en", UTF-8, parsed) from "jar:file:/C:/Users/AJAY/.m2/repository/com/aventstack/extentreports/3.1.5/extentreports-3.1.5.jar!/com/aventstack/extentreports/view/html-report/test-view/test-view.ftl"
DEBUG   17338   [freemark] (): Couldn't find template in cache for "test-view/standard.ftl"("en", UTF-8, parsed); will try to load it.
DEBUG   17338   [freemark] (): TemplateLoader.findTemplateSource("test-view/standard_en.ftl"): Not found
DEBUG   17338   [freemark] (): TemplateLoader.findTemplateSource("test-view/standard.ftl"): Found
DEBUG   17338   [freemark] (): Loading template for "test-view/standard.ftl"("en", UTF-8, parsed) from "jar:file:/C:/Users/AJAY/.m2/repository/com/aventstack/extentreports/3.1.5/extentreports-3.1.5.jar!/com/aventstack/extentreports/view/html-report/test-view/standard.ftl"
DEBUG   17338   [freemark] (): Couldn't find template in cache for "test-view/test-view-charts.ftl"("en", UTF-8, parsed); will try to load it.
DEBUG   17338   [freemark] (): TemplateLoader.findTemplateSource("test-view/test-view-charts_en.ftl"): Not found
DEBUG   17338   [freemark] (): TemplateLoader.findTemplateSource("test-view/test-view-charts.ftl"): Found
DEBUG   17338   [freemark] (): Loading template for "test-view/test-view-charts.ftl"("en", UTF-8, parsed) from "jar:file:/C:/Users/AJAY/.m2/repository/com/aventstack/extentreports/3.1.5/extentreports-3.1.5.jar!/com/aventstack/extentreports/view/html-report/test-view/test-view-charts.ftl"
DEBUG   17338   [freemark] (): Couldn't find template in cache for "category-view/category-view.ftl"("en", UTF-8, parsed); will try to load it.
DEBUG   17338   [freemark] (): TemplateLoader.findTemplateSource("category-view/category-view_en.ftl"): Not found
DEBUG   17338   [freemark] (): TemplateLoader.findTemplateSource("category-view/category-view.ftl"): Found
DEBUG   17338   [freemark] (): Loading template for "category-view/category-view.ftl"("en", UTF-8, parsed) from "jar:file:/C:/Users/AJAY/.m2/repository/com/aventstack/extentreports/3.1.5/extentreports-3.1.5.jar!/com/aventstack/extentreports/view/html-report/category-view/category-view.ftl"
DEBUG   17338   [freemark] (): Couldn't find template in cache for "author-view/author-view.ftl"("en", UTF-8, parsed); will try to load it.
DEBUG   17338   [freemark] (): TemplateLoader.findTemplateSource("author-view/author-view_en.ftl"): Not found
DEBUG   17338   [freemark] (): TemplateLoader.findTemplateSource("author-view/author-view.ftl"): Found
DEBUG   17338   [freemark] (): Loading template for "author-view/author-view.ftl"("en", UTF-8, parsed) from "jar:file:/C:/Users/AJAY/.m2/repository/com/aventstack/extentreports/3.1.5/extentreports-3.1.5.jar!/com/aventstack/extentreports/view/html-report/author-view/author-view.ftl"
DEBUG   17338   [freemark] (): Couldn't find template in cache for "exception-view/exception-view.ftl"("en", UTF-8, parsed); will try to load it.
DEBUG   17338   [freemark] (): TemplateLoader.findTemplateSource("exception-view/exception-view_en.ftl"): Not found
DEBUG   17338   [freemark] (): TemplateLoader.findTemplateSource("exception-view/exception-view.ftl"): Found
DEBUG   17338   [freemark] (): Loading template for "exception-view/exception-view.ftl"("en", UTF-8, parsed) from "jar:file:/C:/Users/AJAY/.m2/repository/com/aventstack/extentreports/3.1.5/extentreports-3.1.5.jar!/com/aventstack/extentreports/view/html-report/exception-view/exception-view.ftl"
DEBUG   17338   [freemark] (): Couldn't find template in cache for "dashboard-view/dashboard-view.ftl"("en", UTF-8, parsed); will try to load it.
DEBUG   17338   [freemark] (): TemplateLoader.findTemplateSource("dashboard-view/dashboard-view_en.ftl"): Not found
DEBUG   17338   [freemark] (): TemplateLoader.findTemplateSource("dashboard-view/dashboard-view.ftl"): Found
DEBUG   17338   [freemark] (): Loading template for "dashboard-view/dashboard-view.ftl"("en", UTF-8, parsed) from "jar:file:/C:/Users/AJAY/.m2/repository/com/aventstack/extentreports/3.1.5/extentreports-3.1.5.jar!/com/aventstack/extentreports/view/html-report/dashboard-view/dashboard-view.ftl"
DEBUG   17338   [freemark] (): Couldn't find template in cache for "logs-view/testrunner-logs-view.ftl"("en", UTF-8, parsed); will try to load it.
DEBUG   17338   [freemark] (): TemplateLoader.findTemplateSource("logs-view/testrunner-logs-view_en.ftl"): Not found
DEBUG   17338   [freemark] (): TemplateLoader.findTemplateSource("logs-view/testrunner-logs-view.ftl"): Found
DEBUG   17338   [freemark] (): Loading template for "logs-view/testrunner-logs-view.ftl"("en", UTF-8, parsed) from "jar:file:/C:/Users/AJAY/.m2/repository/com/aventstack/extentreports/3.1.5/extentreports-3.1.5.jar!/com/aventstack/extentreports/view/html-report/logs-view/testrunner-logs-view.ftl"
</system-out>
    <system-err>Dec 10, 2024 10:08:00 PM org.openqa.selenium.remote.http.WebSocket$Listener onError
WARNING: Connection reset
java.net.SocketException: Connection reset
	at java.base/sun.nio.ch.SocketChannelImpl.throwConnectionReset(SocketChannelImpl.java:403)
	at java.base/sun.nio.ch.SocketChannelImpl.implRead(SocketChannelImpl.java:435)
	at java.base/sun.nio.ch.SocketChannelImpl.read(SocketChannelImpl.java:493)
	at io.netty.buffer.PooledByteBuf.setBytes(PooledByteBuf.java:256)
	at io.netty.buffer.AbstractByteBuf.writeBytes(AbstractByteBuf.java:1132)
	at io.netty.channel.socket.nio.NioSocketChannel.doReadBytes(NioSocketChannel.java:357)
	at io.netty.channel.nio.AbstractNioByteChannel$NioByteUnsafe.read(AbstractNioByteChannel.java:151)
	at io.netty.channel.nio.NioEventLoop.processSelectedKey(NioEventLoop.java:788)
	at io.netty.channel.nio.NioEventLoop.processSelectedKeysOptimized(NioEventLoop.java:724)
	at io.netty.channel.nio.NioEventLoop.processSelectedKeys(NioEventLoop.java:650)
	at io.netty.channel.nio.NioEventLoop.run(NioEventLoop.java:562)
	at io.netty.util.concurrent.SingleThreadEventExecutor$4.run(SingleThreadEventExecutor.java:997)
	at io.netty.util.internal.ThreadExecutorMap$2.run(ThreadExecutorMap.java:74)
	at io.netty.util.concurrent.FastThreadLocalRunnable.run(FastThreadLocalRunnable.java:30)
	at java.base/java.lang.Thread.run(Thread.java:1570)

</system-err>
  </testcase>
  <testcase name="checkCaseToRun" classname="org.automation.swagLabs.TC_001" time="0">
    <skipped/>
    <system-out>*** Test Suite TC_001 started ***
</system-out>
  </testcase>
  <testcase name="TC_001Test" classname="org.automation.swagLabs.TC_001" time="9.548">
    <failure message="java.lang.NullPointerException: Cannot invoke &quot;org.automation.utility.Read_XLS.retrieveTestData(String)&quot; because &quot;xls&quot; is null" type="java.lang.RuntimeException">java.lang.RuntimeException: java.lang.NullPointerException: Cannot invoke "org.automation.utility.Read_XLS.retrieveTestData(String)" because "xls" is null
	at org.automation.utility.SuiteUtility.GetTestDataUtility(SuiteUtility.java:21)
	at org.automation.swagLabs.TC_001.TC_001Data(TC_001.java:145)
</failure>
  </testcase>
  <testcase name="closeBrowser" classname="org.automation.swagLabs.TC_001" time="0">
    <skipped/>
  </testcase>
</testsuite>