<?xml version="1.0" encoding="UTF-8"?>
<!-- Generated by org.testng.reporters.JUnitReportReporter -->
<testsuite hostname="Ajays-Laptop" failures="0" tests="1" name="org.automation.googleHome.TSL_Google" time="5.819" errors="0" timestamp="2023-09-10T12:21:35 IST" skipped="0">
  <testcase classname="org.automation.googleHome.TSL_Google" name="TSL_GoogleTest" time="5.819">
    <system-out>
      <![CDATA[Passed TSL_Google]]>
    </system-out>
  </testcase> <!-- TSL_GoogleTest -->
  <system-out>
    <![CDATA[Passed TSL_Google]]>
  </system-out>
</testsuite> <!-- org.automation.googleHome.TSL_Google -->
