<?xml version="1.0" encoding="UTF-8"?>
<!-- Generated by org.testng.reporters.JUnitReportReporter -->
<testsuite hostname="Ajays-Laptop" failures="0" tests="1" name="org.automation.googleHome.TSL_Google" time="8.916" errors="0" timestamp="2024-12-10T22:08:02 IST" skipped="0">
  <testcase classname="org.automation.googleHome.TSL_Google" name="TSL_GoogleTest" time="8.916">
    <system-out>
      <![CDATA[Passed TSL_Google]]>
    </system-out>
  </testcase> <!-- TSL_GoogleTest -->
  <system-out>
    <![CDATA[Passed TSL_Google]]>
  </system-out>
</testsuite> <!-- org.automation.googleHome.TSL_Google -->
